glass/build/outputs/logs/manifest-merger-debug-report.txt
-- Merging decision tree log ---
manifest
ADDED from src\main\AndroidManifest.xml:2:1-25:12
	package
		ADDED from src\main\AndroidManifest.xml:3:5-56
		INJECTED from src\main\AndroidManifest.xml
		INJECTED from src\main\AndroidManifest.xml
	android:versionName
		INJECTED from src\main\AndroidManifest.xml
		INJECTED from src\main\AndroidManifest.xml
	xmlns:android
		ADDED from src\main\AndroidManifest.xml:2:11-69
	android:versionCode
		INJECTED from src\main\AndroidManifest.xml
		INJECTED from src\main\AndroidManifest.xml
application
ADDED from src\main\AndroidManifest.xml:5:5-23:19
	android:label
		ADDED from src\main\AndroidManifest.xml:8:9-41
	android:supportsRtl
		ADDED from src\main\AndroidManifest.xml:9:9-35
	android:allowBackup
		ADDED from src\main\AndroidManifest.xml:6:9-35
	android:icon
		ADDED from src\main\AndroidManifest.xml:7:9-43
	android:theme
		ADDED from src\main\AndroidManifest.xml:10:9-40
activity#comfostertaununcomsof.github.urbanwarfare.Main
ADDED from src\main\AndroidManifest.xml:11:9-22:20
	android:label
		ADDED from src\main\AndroidManifest.xml:14:13-56
	android:icon
		ADDED from src\main\AndroidManifest.xml:13:13-51
	android:name
		ADDED from src\main\AndroidManifest.xml:12:13-33
intent-filter#com.google.android.glass.action.VOICE_TRIGGER
ADDED from src\main\AndroidManifest.xml:15:13-17:29
action#com.google.android.glass.action.VOICE_TRIGGER
ADDED from src\main\AndroidManifest.xml:16:17-88
	android:name
		ADDED from src\main\AndroidManifest.xml:16:25-85
meta-data#com.google.android.glass.VoiceTrigger
ADDED from src\main\AndroidManifest.xml:19:13-21:57
	android:resource
		ADDED from src\main\AndroidManifest.xml:21:17-54
	android:name
		ADDED from src\main\AndroidManifest.xml:20:17-69
uses-sdk
INJECTED from src\main\AndroidManifest.xml reason: use-sdk injection requested
	android:targetSdkVersion
		INJECTED from src\main\AndroidManifest.xml
		INJECTED from src\main\AndroidManifest.xml
	android:minSdkVersion
		INJECTED from src\main\AndroidManifest.xml
		INJECTED from src\main\AndroidManifest.xml